<?xml version="1.0" encoding="UTF-8"?>
<testsuite xmlns:xsi="http://www.w3.org/2001/XMLSchema-instance" xsi:noNamespaceSchemaLocation="https://maven.apache.org/surefire/maven-surefire-plugin/xsd/surefire-test-report.xsd" version="3.0.2" name="com.xeniaandreou.processor.SmsProcessorTest" time="1.189" tests="1" errors="0" skipped="0" failures="0">
  <properties>
[...]
</properties>
  <testcase name="testConsumeWithoutCallingRealService" classname="com.xeniaandreou.processor.SmsProcessorTest" time="0.631">
    <system-out><![CDATA[2025-07-04 23:29:04,422 INFO  [org.tes.DockerClientFactory] (build-17) Testcontainers version: 1.21.2
2025-07-04 23:29:04,653 INFO  [io.qua.sma.dep.processor] (build-16) Generating Jackson deserializer for type com.xeniaandreou.processor.SmsPayload
2025-07-04 23:29:04,667 INFO  [org.tes.doc.DockerClientProviderStrategy] (build-17) Loaded org.testcontainers.dockerclient.UnixSocketClientProviderStrategy from ~/.testcontainers.properties, will try it first
2025-07-04 23:29:05,183 INFO  [org.tes.doc.DockerClientProviderStrategy] (build-17) Found Docker environment with local Unix socket (unix:///var/run/docker.sock)
2025-07-04 23:29:05,184 INFO  [org.tes.DockerClientFactory] (build-17) Docker host IP address is localhost
2025-07-04 23:29:05,218 INFO  [org.tes.DockerClientFactory] (build-17) Connected to docker: 
  Server Version: 28.2.2
  API Version: 1.50
  Operating System: Docker Desktop
  Total Memory: 7837 MB
  Labels: 
    com.docker.desktop.address=unix:///Users/xeniaandreou/Library/Containers/com.docker.docker/Data/docker-cli.sock
2025-07-04 23:29:05,225 INFO  [org.tes.ima.PullPolicy] (build-17) Image pull policy will be performed by: DefaultPullPolicy()
2025-07-04 23:29:05,226 INFO  [org.tes.uti.ImageNameSubstitutor] (build-17) Image name substitution will be performed by: DefaultImageNameSubstitutor (composite of 'ConfigurationFileImageNameSubstitutor' and 'PrefixingImageNameSubstitutor')
2025-07-04 23:29:05,230 INFO  [org.tes.DockerClientFactory] (build-17) Checking the system...
2025-07-04 23:29:05,230 INFO  [org.tes.DockerClientFactory] (build-17) ?? Docker server version should be at least 1.6.0
2025-07-04 23:29:05,411 INFO  [tc.doc.io/.1.2] (build-17) Creating container for image: docker.io/redpandadata/redpanda:v24.1.2
2025-07-04 23:29:06,263 INFO  [org.tes.uti.RegistryAuthLocator] (build-17) Credential helper/store (docker-credential-desktop) does not have credentials for docker.io
2025-07-04 23:29:06,316 INFO  [tc.tes.12.0] (build-17) Creating container for image: testcontainers/ryuk:0.12.0
2025-07-04 23:29:06,922 INFO  [tc.tes.12.0] (build-17) Container testcontainers/ryuk:0.12.0 is starting: 20567456f361353c57e5c4af404a2e10cb3b7e799ae2789264b55bad9f24a696
2025-07-04 23:29:07,233 INFO  [tc.tes.12.0] (build-17) Container testcontainers/ryuk:0.12.0 started in PT0.916693S
2025-07-04 23:29:07,273 INFO  [tc.doc.io/.1.2] (build-17) Container docker.io/redpandadata/redpanda:v24.1.2 is starting: 1c824d6de0a75eb5838d6ee19ed6819ff2d3ea97a12573c1943ec805dfdd4cad
2025-07-04 23:29:08,139 INFO  [tc.doc.io/.1.2] (build-17) Container docker.io/redpandadata/redpanda:v24.1.2 started in PT2.727614S
2025-07-04 23:29:08,141 INFO  [io.qua.kaf.cli.dep.DevServicesKafkaProcessor] (build-17) Dev Services for Kafka started. Other Quarkus applications in dev mode will find the broker automatically. For Quarkus applications in production mode, you can connect to this by starting your application with -Dkafka.bootstrap.servers=OUTSIDE://localhost:55008
2025-07-04 23:29:08,735 INFO  [io.sma.rea.mes.kafka] (main) SRMSG18229: Configured topics for channel 'sms-requests': [sms-requests]
2025-07-04 23:29:08,742 INFO  [io.sma.rea.mes.kafka] (main) SRMSG18214: Key deserializer omitted, using String as default
2025-07-04 23:29:08,762 INFO  [org.apa.kaf.com.con.AbstractConfig] (smallrye-kafka-consumer-thread-0) ConsumerConfig values: 
	allow.auto.create.topics = true
	auto.commit.interval.ms = 5000
	auto.offset.reset = latest
	bootstrap.servers = [OUTSIDE://localhost:55008]
	check.crcs = true
	client.dns.lookup = use_all_dns_ips
	client.id = kafka-consumer-sms-requests
	client.rack = 
	connections.max.idle.ms = 540000
	default.api.timeout.ms = 60000
	enable.auto.commit = false
	enable.metrics.push = true
	exclude.internal.topics = true
	fetch.max.bytes = 52428800
	fetch.max.wait.ms = 500
	fetch.min.bytes = 1
	group.id = processor-service
	group.instance.id = null
	group.protocol = classic
	group.remote.assignor = null
	heartbeat.interval.ms = 3000
	interceptor.classes = []
	internal.leave.group.on.close = true
	internal.throw.on.fetch.stable.offset.unsupported = false
	isolation.level = read_uncommitted
	key.deserializer = class io.smallrye.reactive.messaging.kafka.fault.DeserializerWrapper
	max.partition.fetch.bytes = 1048576
	max.poll.interval.ms = 300000
	max.poll.records = 500
	metadata.max.age.ms = 300000
	metadata.recovery.rebootstrap.trigger.ms = 300000
	metadata.recovery.strategy = rebootstrap
	metric.reporters = [org.apache.kafka.common.metrics.JmxReporter]
	metrics.num.samples = 2
	metrics.recording.level = INFO
	metrics.sample.window.ms = 30000
	partition.assignment.strategy = [class org.apache.kafka.clients.consumer.RangeAssignor, class org.apache.kafka.clients.consumer.CooperativeStickyAssignor]
	receive.buffer.bytes = 65536
	reconnect.backoff.max.ms = 10000
	reconnect.backoff.ms = 50
	request.timeout.ms = 30000
	retry.backoff.max.ms = 1000
	retry.backoff.ms = 100
	sasl.client.callback.handler.class = null
	sasl.jaas.config = null
	sasl.kerberos.kinit.cmd = /usr/bin/kinit
	sasl.kerberos.min.time.before.relogin = 60000
	sasl.kerberos.service.name = null
	sasl.kerberos.ticket.renew.jitter = 0.05
	sasl.kerberos.ticket.renew.window.factor = 0.8
	sasl.login.callback.handler.class = null
	sasl.login.class = null
	sasl.login.connect.timeout.ms = null
	sasl.login.read.timeout.ms = null
	sasl.login.refresh.buffer.seconds = 300
	sasl.login.refresh.min.period.seconds = 60
	sasl.login.refresh.window.factor = 0.8
	sasl.login.refresh.window.jitter = 0.05
	sasl.login.retry.backoff.max.ms = 10000
	sasl.login.retry.backoff.ms = 100
	sasl.mechanism = GSSAPI
	sasl.oauthbearer.clock.skew.seconds = 30
	sasl.oauthbearer.expected.audience = null
	sasl.oauthbearer.expected.issuer = null
	sasl.oauthbearer.header.urlencode = false
	sasl.oauthbearer.jwks.endpoint.refresh.ms = 3600000
	sasl.oauthbearer.jwks.endpoint.retry.backoff.max.ms = 10000
	sasl.oauthbearer.jwks.endpoint.retry.backoff.ms = 100
	sasl.oauthbearer.jwks.endpoint.url = null
	sasl.oauthbearer.scope.claim.name = scope
	sasl.oauthbearer.sub.claim.name = sub
	sasl.oauthbearer.token.endpoint.url = null
	security.protocol = PLAINTEXT
	security.providers = null
	send.buffer.bytes = 131072
	session.timeout.ms = 45000
	socket.connection.setup.timeout.max.ms = 30000
	socket.connection.setup.timeout.ms = 10000
	ssl.cipher.suites = null
	ssl.enabled.protocols = [TLSv1.2, TLSv1.3]
	ssl.endpoint.identification.algorithm = https
	ssl.engine.factory.class = null
	ssl.key.password = null
	ssl.keymanager.algorithm = SunX509
	ssl.keystore.certificate.chain = null
	ssl.keystore.key = null
	ssl.keystore.location = null
	ssl.keystore.password = null
	ssl.keystore.type = JKS
	ssl.protocol = TLSv1.3
	ssl.provider = null
	ssl.secure.random.implementation = null
	ssl.trustmanager.algorithm = PKIX
	ssl.truststore.certificates = null
	ssl.truststore.location = null
	ssl.truststore.password = null
	ssl.truststore.type = JKS
	value.deserializer = class io.smallrye.reactive.messaging.kafka.fault.DeserializerWrapper

2025-07-04 23:29:08,900 INFO  [io.sma.rea.mes.kafka] (smallrye-kafka-consumer-thread-0) SRMSG18257: Kafka consumer kafka-consumer-sms-requests, connected to Kafka brokers 'OUTSIDE://localhost:55008', belongs to the 'processor-service' consumer group and is configured to poll records from [sms-requests]
2025-07-04 23:29:08,985 INFO  [io.quarkus] (main) processor-service 1.0.0-SNAPSHOT on JVM (powered by Quarkus 3.24.1) started in 6.130s. Listening on: http://localhost:8081
2025-07-04 23:29:08,985 INFO  [io.quarkus] (main) Profile test activated. 
2025-07-04 23:29:08,985 INFO  [io.quarkus] (main) Installed features: [cdi, compose, kafka-client, messaging, messaging-kafka, rest, rest-client, rest-client-jackson, rest-jackson, smallrye-context-propagation, smallrye-openapi, swagger-ui, vertx]
Processing SMS to: +357123456
]]></system-out>
    <system-err><![CDATA[WARNING: A Java agent has been loaded dynamically (/Users/xeniaandreou/.m2/repository/net/bytebuddy/byte-buddy-agent/1.14.12/byte-buddy-agent-1.14.12.jar)
WARNING: If a serviceability tool is in use, please run with -XX:+EnableDynamicAgentLoading to hide this warning
WARNING: If a serviceability tool is not in use, please run with -Djdk.instrument.traceUsage for more information
WARNING: Dynamic loading of agents will be disallowed by default in a future release
]]></system-err>
  </testcase>
</testsuite>